<?xml version="1.0" encoding="UTF-8" ?>
<testsuite failures="1" time="4.071" errors="0" skipped="0" tests="1" name="com.autentia.hibernate.search.BookTest">
  <properties>
[...]
</properties>
  <testcase time="1.576" classname="com.autentia.hibernate.search.BookTest" name="testFullTextQuery">
    <failure message="expected:&lt;1&gt; but was:&lt;0&gt;" type="java.lang.AssertionError">java.lang.AssertionError: expected:&lt;1&gt; but was:&lt;0&gt;
	at org.junit.Assert.fail(Assert.java:74)
	at org.junit.Assert.failNotEquals(Assert.java:448)
	at org.junit.Assert.assertEquals(Assert.java:102)
	at org.junit.Assert.assertEquals(Assert.java:323)
	at org.junit.Assert.assertEquals(Assert.java:319)
	at com.autentia.hibernate.search.BookTest.assertFindBooksBy(BookTest.java:30)
	at com.autentia.hibernate.search.BookTest.testFullTextQuery(BookTest.java:57)
	at sun.reflect.NativeMethodAccessorImpl.invoke0(Native Method)
	at sun.reflect.NativeMethodAccessorImpl.invoke(NativeMethodAccessorImpl.java:39)
	at sun.reflect.DelegatingMethodAccessorImpl.invoke(DelegatingMethodAccessorImpl.java:25)
	at java.lang.reflect.Method.invoke(Method.java:597)
	at org.springframework.test.context.junit4.SpringTestMethod.invoke(SpringTestMethod.java:163)
	at org.springframework.test.context.junit4.SpringMethodRoadie.runTestMethod(SpringMethodRoadie.java:233)
	at org.springframework.test.context.junit4.SpringMethodRoadie$RunBeforesThenTestThenAfters.run(SpringMethodRoadie.java:333)
	at org.springframework.test.context.junit4.SpringMethodRoadie.runWithRepetitions(SpringMethodRoadie.java:217)
	at org.springframework.test.context.junit4.SpringMethodRoadie.runTest(SpringMethodRoadie.java:197)
	at org.springframework.test.context.junit4.SpringMethodRoadie.run(SpringMethodRoadie.java:143)
	at org.springframework.test.context.junit4.SpringJUnit4ClassRunner.invokeTestMethod(SpringJUnit4ClassRunner.java:142)
	at org.junit.internal.runners.JUnit4ClassRunner.runMethods(JUnit4ClassRunner.java:51)
	at org.junit.internal.runners.JUnit4ClassRunner$1.run(JUnit4ClassRunner.java:44)
	at org.junit.internal.runners.ClassRoadie.runUnprotected(ClassRoadie.java:27)
	at org.junit.internal.runners.ClassRoadie.runProtected(ClassRoadie.java:37)
	at org.junit.internal.runners.JUnit4ClassRunner.run(JUnit4ClassRunner.java:42)
	at org.apache.maven.surefire.junit4.JUnit4TestSet.execute(JUnit4TestSet.java:62)
	at org.apache.maven.surefire.suite.AbstractDirectoryTestSuite.executeTestSet(AbstractDirectoryTestSuite.java:140)
	at org.apache.maven.surefire.suite.AbstractDirectoryTestSuite.execute(AbstractDirectoryTestSuite.java:127)
	at org.apache.maven.surefire.Surefire.run(Surefire.java:177)
	at sun.reflect.NativeMethodAccessorImpl.invoke0(Native Method)
	at sun.reflect.NativeMethodAccessorImpl.invoke(NativeMethodAccessorImpl.java:39)
	at sun.reflect.DelegatingMethodAccessorImpl.invoke(DelegatingMethodAccessorImpl.java:25)
	at java.lang.reflect.Method.invoke(Method.java:597)
	at org.apache.maven.surefire.booter.SurefireBooter.runSuitesInProcess(SurefireBooter.java:345)
	at org.apache.maven.surefire.booter.SurefireBooter.main(SurefireBooter.java:1009)
</failure>
    <system-out>Hibernate: insert into Book (id, publicationDate, summary, title) values (null, ?, ?, ?)
Hibernate: call identity()
Hibernate: insert into Book (id, publicationDate, summary, title) values (null, ?, ?, ?)
Hibernate: call identity()
Hibernate: insert into Book (id, publicationDate, summary, title) values (null, ?, ?, ?)
Hibernate: call identity()
Hibernate: insert into Book (id, publicationDate, summary, title) values (null, ?, ?, ?)
Hibernate: call identity()
Hibernate: insert into Book (id, publicationDate, summary, title) values (null, ?, ?, ?)
Hibernate: call identity()
Hibernate: select this_.id as id0_0_, this_.publicationDate as publicat2_0_0_, this_.summary as summary0_0_, this_.title as title0_0_ from Book this_ where (this_.id in (?, ?))
Hibernate: select this_.id as id0_0_, this_.publicationDate as publicat2_0_0_, this_.summary as summary0_0_, this_.title as title0_0_ from Book this_ where (this_.id in (?, ?, ?))
Hibernate: select this_.id as id0_0_, this_.publicationDate as publicat2_0_0_, this_.summary as summary0_0_, this_.title as title0_0_ from Book this_ where (this_.id in (?))
Hibernate: select this_.id as id0_0_, this_.publicationDate as publicat2_0_0_, this_.summary as summary0_0_, this_.title as title0_0_ from Book this_ where (this_.id in (?, ?))
Hibernate: select this_.id as id0_0_, this_.publicationDate as publicat2_0_0_, this_.summary as summary0_0_, this_.title as title0_0_ from Book this_ where (this_.id in (?, ?, ?, ?))
</system-out>
  </testcase>
</testsuite>